# JRE version: Java(TM) SE Runtime Environment (8.0_131-b11) (build 1.8.0_131-b11)
# Java VM: Java HotSpot(TM) 64-Bit Server VM (25.131-b11 mixed mode bsd-amd64 compressed oops)
Heap:
 PSYoungGen      total 43520K, used 14378K [0x000000076ab00000, 0x000000076f100000, 0x00000007c0000000)
  eden space 29696K, 1% used [0x000000076ab00000,0x000000076ab8aec8,0x000000076c800000)
  from space 13824K, 99% used [0x000000076c800000,0x000000076d57fd20,0x000000076d580000)
  to   space 20992K, 0% used [0x000000076dc80000,0x000000076dc80000,0x000000076f100000)
 ParOldGen       total 175104K, used 115911K [0x00000006c0000000, 0x00000006cab00000, 0x000000076ab00000)
  object space 175104K, 66% used [0x00000006c0000000,0x00000006c7131f60,0x00000006cab00000)
 Metaspace       used 19808K, capacity 20290K, committed 20608K, reserved 1067008K
  class space    used 2441K, capacity 2574K, committed 2688K, reserved 1048576K
GC Heap History (10 events):
Event: 721709.029 GC heap before
{Heap before GC invocations=65 (full 0):
 PSYoungGen      total 43008K, used 39598K [0x000000076ab00000, 0x000000076e200000, 0x00000007c0000000)
  eden space 29696K, 100% used [0x000000076ab00000,0x000000076c800000,0x000000076c800000)
  from space 13312K, 74% used [0x000000076d500000,0x000000076deabb68,0x000000076e200000)
  to   space 13312K, 0% used [0x000000076c800000,0x000000076c800000,0x000000076d500000)
 ParOldGen       total 175104K, used 95145K [0x00000006c0000000, 0x00000006cab00000, 0x000000076ab00000)
  object space 175104K, 54% used [0x00000006c0000000,0x00000006c5cea758,0x00000006cab00000)
 Metaspace       used 19707K, capacity 20222K, committed 20352K, reserved 1067008K
  class space    used 2431K, capacity 2572K, committed 2688K, reserved 1048576K
Event: 721709.052 GC heap after
Heap after GC invocations=65 (full 0):
 PSYoungGen      total 43008K, used 10239K [0x000000076ab00000, 0x000000076e300000, 0x00000007c0000000)
  eden space 29696K, 0% used [0x000000076ab00000,0x000000076ab00000,0x000000076c800000)
  from space 13312K, 76% used [0x000000076c800000,0x000000076d1fff10,0x000000076d500000)
  to   space 13824K, 0% used [0x000000076d580000,0x000000076d580000,0x000000076e300000)
 ParOldGen       total 175104K, used 95939K [0x00000006c0000000, 0x00000006cab00000, 0x000000076ab00000)
  object space 175104K, 54% used [0x00000006c0000000,0x00000006c5db0ce8,0x00000006cab00000)
 Metaspace       used 19707K, capacity 20222K, committed 20352K, reserved 1067008K
  class space    used 2431K, capacity 2572K, committed 2688K, reserved 1048576K
}
Event: 721775.304 GC heap before
{Heap before GC invocations=66 (full 0):
 PSYoungGen      total 43008K, used 39935K [0x000000076ab00000, 0x000000076e300000, 0x00000007c0000000)
  eden space 29696K, 100% used [0x000000076ab00000,0x000000076c800000,0x000000076c800000)
  from space 13312K, 76% used [0x000000076c800000,0x000000076d1fff10,0x000000076d500000)
  to   space 13824K, 0% used [0x000000076d580000,0x000000076d580000,0x000000076e300000)
 ParOldGen       total 175104K, used 95939K [0x00000006c0000000, 0x00000006cab00000, 0x000000076ab00000)
  object space 175104K, 54% used [0x00000006c0000000,0x00000006c5db0ce8,0x00000006cab00000)
 Metaspace       used 19721K, capacity 20222K, committed 20352K, reserved 1067008K
  class space    used 2433K, capacity 2572K, committed 2688K, reserved 1048576K
Event: 721775.308 GC heap after
Heap after GC invocations=66 (full 0):
 PSYoungGen      total 43520K, used 9678K [0x000000076ab00000, 0x000000076e300000, 0x00000007c0000000)
  eden space 29696K, 0% used [0x000000076ab00000,0x000000076ab00000,0x000000076c800000)
  from space 13824K, 70% used [0x000000076d580000,0x000000076def3958,0x000000076e300000)
  to   space 13824K, 0% used [0x000000076c800000,0x000000076c800000,0x000000076d580000)
 ParOldGen       total 175104K, used 96441K [0x00000006c0000000, 0x00000006cab00000, 0x000000076ab00000)
  object space 175104K, 55% used [0x00000006c0000000,0x00000006c5e2e6b8,0x00000006cab00000)
 Metaspace       used 19721K, capacity 20222K, committed 20352K, reserved 1067008K
  class space    used 2433K, capacity 2572K, committed 2688K, reserved 1048576K
}
Event: 721797.278 GC heap before
{Heap before GC invocations=67 (full 0):
 PSYoungGen      total 43520K, used 39374K [0x000000076ab00000, 0x000000076e300000, 0x00000007c0000000)
  eden space 29696K, 100% used [0x000000076ab00000,0x000000076c800000,0x000000076c800000)
  from space 13824K, 70% used [0x000000076d580000,0x000000076def3958,0x000000076e300000)
  to   space 13824K, 0% used [0x000000076c800000,0x000000076c800000,0x000000076d580000)
 ParOldGen       total 175104K, used 96441K [0x00000006c0000000, 0x00000006cab00000, 0x000000076ab00000)
  object space 175104K, 55% used [0x00000006c0000000,0x00000006c5e2e6b8,0x00000006cab00000)
 Metaspace       used 19728K, capacity 20222K, committed 20352K, reserved 1067008K
  class space    used 2433K, capacity 2572K, committed 2688K, reserved 1048576K
Event: 721797.282 GC heap after
Heap after GC invocations=67 (full 0):
 PSYoungGen      total 43520K, used 10074K [0x000000076ab00000, 0x000000076e400000, 0x00000007c0000000)
  eden space 29696K, 0% used [0x000000076ab00000,0x000000076ab00000,0x000000076c800000)
  from space 13824K, 72% used [0x000000076c800000,0x000000076d1d6ac8,0x000000076d580000)
  to   space 14336K, 0% used [0x000000076d600000,0x000000076d600000,0x000000076e400000)
 ParOldGen       total 175104K, used 96921K [0x00000006c0000000, 0x00000006cab00000, 0x000000076ab00000)
  object space 175104K, 55% used [0x00000006c0000000,0x00000006c5ea67d8,0x00000006cab00000)
 Metaspace       used 19728K, capacity 20222K, committed 20352K, reserved 1067008K
  class space    used 2433K, capacity 2572K, committed 2688K, reserved 1048576K
}
Event: 721935.156 GC heap before
{Heap before GC invocations=68 (full 0):
 PSYoungGen      total 43520K, used 39770K [0x000000076ab00000, 0x000000076e400000, 0x00000007c0000000)
  eden space 29696K, 100% used [0x000000076ab00000,0x000000076c800000,0x000000076c800000)
  from space 13824K, 72% used [0x000000076c800000,0x000000076d1d6ac8,0x000000076d580000)
  to   space 14336K, 0% used [0x000000076d600000,0x000000076d600000,0x000000076e400000)
 ParOldGen       total 175104K, used 96921K [0x00000006c0000000, 0x00000006cab00000, 0x000000076ab00000)
  object space 175104K, 55% used [0x00000006c0000000,0x00000006c5ea67d8,0x00000006cab00000)
 Metaspace       used 19750K, capacity 20226K, committed 20352K, reserved 1067008K
  class space    used 2434K, capacity 2574K, committed 2688K, reserved 1048576K
Event: 721935.161 GC heap after
Heap after GC invocations=68 (full 0):
 PSYoungGen      total 43008K, used 6796K [0x000000076ab00000, 0x000000076e300000, 0x00000007c0000000)
  eden space 29696K, 0% used [0x000000076ab00000,0x000000076ab00000,0x000000076c800000)
  from space 13312K, 51% used [0x000000076d600000,0x000000076dca3208,0x000000076e300000)
  to   space 13824K, 0% used [0x000000076c800000,0x000000076c800000,0x000000076d580000)
 ParOldGen       total 175104K, used 100471K [0x00000006c0000000, 0x00000006cab00000, 0x000000076ab00000)
  object space 175104K, 57% used [0x00000006c0000000,0x00000006c621dc98,0x00000006cab00000)
 Metaspace       used 19750K, capacity 20226K, committed 20352K, reserved 1067008K
  class space    used 2434K, capacity 2574K, committed 2688K, reserved 1048576K
}
Event: 875502.196 GC heap before
{Heap before GC invocations=69 (full 0):
 PSYoungGen      total 43008K, used 36492K [0x000000076ab00000, 0x000000076e300000, 0x00000007c0000000)
  eden space 29696K, 100% used [0x000000076ab00000,0x000000076c800000,0x000000076c800000)
  from space 13312K, 51% used [0x000000076d600000,0x000000076dca3208,0x000000076e300000)
  to   space 13824K, 0% used [0x000000076c800000,0x000000076c800000,0x000000076d580000)
 ParOldGen       total 175104K, used 100471K [0x00000006c0000000, 0x00000006cab00000, 0x000000076ab00000)
  object space 175104K, 57% used [0x00000006c0000000,0x00000006c621dc98,0x00000006cab00000)
 Metaspace       used 19808K, capacity 20290K, committed 20608K, reserved 1067008K
  class space    used 2441K, capacity 2574K, committed 2688K, reserved 1048576K
Event: 875502.296 GC heap after
Heap after GC invocations=69 (full 0):
 PSYoungGen      total 43520K, used 13823K [0x000000076ab00000, 0x000000076f100000, 0x00000007c0000000)
  eden space 29696K, 0% used [0x000000076ab00000,0x000000076ab00000,0x000000076c800000)
  from space 13824K, 99% used [0x000000076c800000,0x000000076d57fd20,0x000000076d580000)
  to   space 20992K, 0% used [0x000000076dc80000,0x000000076dc80000,0x000000076f100000)
 ParOldGen       total 175104K, used 115911K [0x00000006c0000000, 0x00000006cab00000, 0x000000076ab00000)
  object space 175104K, 66% used [0x00000006c0000000,0x00000006c7131f60,0x00000006cab00000)
 Metaspace       used 19808K, capacity 20290K, committed 20608K, reserved 1067008K
  class space    used 2441K, capacity 2574K, committed 2688K, reserved 1048576K
}

